23:52:21.442 [main] INFO  testCases.TC_001_AccountRegistrationTest - Start test TC_001_AccountRegistrationTest
23:52:21.813 [main] INFO  testCases.TC_001_AccountRegistrationTest - Click My account
23:52:23.004 [main] INFO  testCases.TC_001_AccountRegistrationTest - Click register link
23:52:26.946 [main] INFO  testCases.TC_001_AccountRegistrationTest - Validating msg expect
15:07:46.671 [TestNG-tests-1] INFO  testCases.TC_001_AccountRegistrationTest - Start test TC_001_AccountRegistrationTest
15:07:46.951 [TestNG-tests-2] INFO  testCases.TC_001_AccountRegistrationTest - Start test TC_001_AccountRegistrationTest
15:07:51.473 [TestNG-tests-1] INFO  testCases.TC_001_AccountRegistrationTest - Click My account
15:07:52.096 [TestNG-tests-1] INFO  testCases.TC_001_AccountRegistrationTest - Click register link
15:07:52.113 [TestNG-tests-1] INFO  testCases.TC_001_AccountRegistrationTest - Providing customer data
15:07:53.055 [TestNG-tests-2] INFO  testCases.TC_001_AccountRegistrationTest - Click My account
15:07:53.643 [TestNG-tests-2] INFO  testCases.TC_001_AccountRegistrationTest - Click register link
15:07:53.645 [TestNG-tests-2] INFO  testCases.TC_001_AccountRegistrationTest - Providing customer data
15:07:55.627 [TestNG-tests-1] INFO  testCases.TC_001_AccountRegistrationTest - Validating msg expect
15:07:57.055 [TestNG-tests-2] INFO  testCases.TC_001_AccountRegistrationTest - Validating msg expect
22:53:38.773 [TestNG-tests-2] INFO  testCases.TC_001_AccountRegistrationTest - Start test TC_001_AccountRegistrationTest
22:53:39.045 [TestNG-tests-2] INFO  testCases.TC_001_AccountRegistrationTest - Click My account
22:53:40.585 [TestNG-tests-2] INFO  testCases.TC_001_AccountRegistrationTest - Click register link
22:53:40.589 [TestNG-tests-2] INFO  testCases.TC_001_AccountRegistrationTest - Providing customer data
22:53:45.914 [TestNG-tests-2] INFO  testCases.TC_001_AccountRegistrationTest - Validating msg expect
22:56:57.883 [TestNG-tests-1] INFO  testCases.TC_001_AccountRegistrationTest - Start test TC_001_AccountRegistrationTest
22:56:58.048 [TestNG-tests-1] INFO  testCases.TC_001_AccountRegistrationTest - Click My account
22:56:58.610 [TestNG-tests-1] INFO  testCases.TC_001_AccountRegistrationTest - Click register link
22:56:58.619 [TestNG-tests-1] INFO  testCases.TC_001_AccountRegistrationTest - Providing customer data
22:57:09.953 [TestNG-tests-1] INFO  testCases.TC_001_AccountRegistrationTest - Validating msg expect
22:57:55.814 [TestNG-tests-1] INFO  testCases.TC_001_AccountRegistrationTest - Start test TC_001_AccountRegistrationTest
22:57:56.049 [TestNG-tests-1] INFO  testCases.TC_001_AccountRegistrationTest - Click My account
22:57:56.687 [TestNG-tests-1] INFO  testCases.TC_001_AccountRegistrationTest - Click register link
22:57:56.695 [TestNG-tests-1] INFO  testCases.TC_001_AccountRegistrationTest - Providing customer data
22:58:07.939 [TestNG-tests-1] INFO  testCases.TC_001_AccountRegistrationTest - Validating msg expect
23:01:26.684 [TestNG-tests-1] INFO  testCases.TC_001_AccountRegistrationTest - Start test TC_001_AccountRegistrationTest
23:01:26.825 [TestNG-tests-1] INFO  testCases.TC_001_AccountRegistrationTest - Click My account
23:01:27.374 [TestNG-tests-1] INFO  testCases.TC_001_AccountRegistrationTest - Click register link
23:01:27.380 [TestNG-tests-1] INFO  testCases.TC_001_AccountRegistrationTest - Providing customer data
23:01:38.925 [TestNG-tests-1] INFO  testCases.TC_001_AccountRegistrationTest - Validating msg expect
00:19:09.482 [TestNG-tests-1] INFO  testCases.TC_001_AccountRegistrationTest - Start test TC_001_AccountRegistrationTest
00:19:09.746 [TestNG-tests-1] INFO  testCases.TC_001_AccountRegistrationTest - Click My account
00:19:10.358 [TestNG-tests-1] INFO  testCases.TC_001_AccountRegistrationTest - Click register link
00:19:10.363 [TestNG-tests-1] INFO  testCases.TC_001_AccountRegistrationTest - Providing customer data
00:19:21.417 [TestNG-tests-1] INFO  testCases.TC_001_AccountRegistrationTest - Validating msg expect
00:19:26.253 [TestNG-tests-1] INFO  testCases.TC_002_LoginTest - ***Start test LoginAccount...**
17:51:12.086 [TestNG-tests-1] INFO  testCases.TC_001_AccountRegistrationTest - Start test TC_001_AccountRegistrationTest
17:51:12.175 [TestNG-tests-1] INFO  testCases.TC_001_AccountRegistrationTest - Click My account
17:51:12.649 [TestNG-tests-1] INFO  testCases.TC_001_AccountRegistrationTest - Click register link
17:51:12.653 [TestNG-tests-1] INFO  testCases.TC_001_AccountRegistrationTest - Providing customer data
17:51:15.525 [TestNG-tests-1] INFO  testCases.TC_001_AccountRegistrationTest - Validating msg expect
17:51:19.019 [TestNG-tests-1] INFO  testCases.TC_002_LoginTest - ***Start test LoginTest...**
23:03:23.619 [TestNG-tests-1] INFO  testCases.TC_001_AccountRegistrationTest - Start test TC_001_AccountRegistrationTest
23:03:23.793 [TestNG-tests-1] INFO  testCases.TC_001_AccountRegistrationTest - Click My account
23:03:25.104 [TestNG-tests-1] INFO  testCases.TC_001_AccountRegistrationTest - Click register link
23:03:25.111 [TestNG-tests-1] INFO  testCases.TC_001_AccountRegistrationTest - Providing customer data
23:03:29.929 [TestNG-tests-1] INFO  testCases.TC_001_AccountRegistrationTest - Validating msg expect
23:03:34.463 [TestNG-tests-1] INFO  testCases.TC_002_LoginTest - ***Start test LoginTest...**
23:03:37.170 [TestNG-tests-1] INFO  testCases.TC_002_LoginTest - Finished TC_002_LoginTest
23:11:09.863 [TestNG-tests-1] INFO  testCases.TC_003_LoginDataDrivenTest - ***Starting TC_003_loginDataDrivenTest
23:11:13.057 [TestNG-tests-1] INFO  testCases.TC_003_LoginDataDrivenTest - ***Starting TC_003_loginDataDrivenTest
23:11:24.614 [TestNG-tests-1] INFO  testCases.TC_003_LoginDataDrivenTest - ***Starting TC_003_loginDataDrivenTest
23:11:35.912 [TestNG-tests-1] INFO  testCases.TC_003_LoginDataDrivenTest - ***Starting TC_003_loginDataDrivenTest
23:11:47.085 [TestNG-tests-1] INFO  testCases.TC_003_LoginDataDrivenTest - ***Starting TC_003_loginDataDrivenTest
23:19:10.608 [TestNG-tests-1] INFO  testCases.TC_003_LoginDataDrivenTest - ***Starting TC_003_loginDataDrivenTest
23:19:14.666 [TestNG-tests-1] INFO  testCases.TC_003_LoginDataDrivenTest - ***Starting TC_003_loginDataDrivenTest
23:19:26.022 [TestNG-tests-1] INFO  testCases.TC_003_LoginDataDrivenTest - ***Starting TC_003_loginDataDrivenTest
23:19:37.299 [TestNG-tests-1] INFO  testCases.TC_003_LoginDataDrivenTest - ***Starting TC_003_loginDataDrivenTest
23:19:49.541 [TestNG-tests-1] INFO  testCases.TC_003_LoginDataDrivenTest - ***Starting TC_003_loginDataDrivenTest
